

*******************************************************************************
Tue Mar  5 23:28:54 2024


FIT:    data read from 'benchmark.csv' using 1:2
        format = x:z
        #datapoints = 98
        residuals are weighted equally (unit weight)

function used for fitting: f(x)
	f(x) = a*x**3
fitted parameters initialized with current variable values

iter      chisq       delta/lim  lambda   a            
   0 1.4790709776e+13   0.00e+00  3.88e+05    1.000000e+00
   4 5.0787024505e-04  -3.22e-03  3.88e+01    1.468249e-07

After 4 iterations the fit converged.
final sum of squares of residuals : 0.00050787
rel. change during last iteration : -3.22086e-08

degrees of freedom    (FIT_NDF)                        : 97
rms of residuals      (FIT_STDFIT) = sqrt(WSSR/ndf)    : 0.00228818
variance of residuals (reduced chisquare) = WSSR/ndf   : 5.23578e-06

Final set of parameters            Asymptotic Standard Error
=======================            ==========================
a               = 1.46825e-07      +/- 5.95e-10     (0.4052%)
