

*******************************************************************************
Fri Mar  1 19:00:35 2024


FIT:    data read from 'benchmark.csv' using 1:2
        format = x:z
        #datapoints = 298
        residuals are weighted equally (unit weight)

function used for fitting: f(x)
	f(x) = a*x**3
fitted parameters initialized with current variable values

iter      chisq       delta/lim  lambda   a            
   0 3.1608571181e+16   0.00e+00  1.03e+07    1.000000e+00
   4 1.4954486743e-03  -3.00e-03  1.03e+03    1.514224e-08

After 4 iterations the fit converged.
final sum of squares of residuals : 0.00149545
rel. change during last iteration : -2.99775e-08

degrees of freedom    (FIT_NDF)                        : 297
rms of residuals      (FIT_STDFIT) = sqrt(WSSR/ndf)    : 0.00224392
variance of residuals (reduced chisquare) = WSSR/ndf   : 5.03518e-06

Final set of parameters            Asymptotic Standard Error
=======================            ==========================
a               = 1.51422e-08      +/- 1.262e-11    (0.08335%)


*******************************************************************************
Thu Jun 20 13:07:22 2024


FIT:    data read from 'benchmark.csv' using 1:2
        format = x:z
        #datapoints = 298
        residuals are weighted equally (unit weight)

function used for fitting: f(x)
	f(x) = a*x**3
fitted parameters initialized with current variable values

iter      chisq       delta/lim  lambda   a            
   0 3.1608570715e+16   0.00e+00  1.03e+07    1.000000e+00
   4 5.4623899767e-02  -8.21e-05  1.03e+03    2.251899e-08

After 4 iterations the fit converged.
final sum of squares of residuals : 0.0546239
rel. change during last iteration : -8.20701e-10

degrees of freedom    (FIT_NDF)                        : 297
rms of residuals      (FIT_STDFIT) = sqrt(WSSR/ndf)    : 0.0135617
variance of residuals (reduced chisquare) = WSSR/ndf   : 0.000183919

Final set of parameters            Asymptotic Standard Error
=======================            ==========================
a               = 2.2519e-08       +/- 7.628e-11    (0.3387%)


*******************************************************************************
Thu Jun 20 13:07:25 2024


FIT:    data read from 'benchmark.csv' using 1:2
        format = x:z
        #datapoints = 298
        residuals are weighted equally (unit weight)

function used for fitting: f(x)
	f(x) = a*x**3
fitted parameters initialized with current variable values

iter      chisq       delta/lim  lambda   a            
   0 3.1608570715e+16   0.00e+00  1.03e+07    1.000000e+00
   4 5.4623899767e-02  -8.21e-05  1.03e+03    2.251899e-08

After 4 iterations the fit converged.
final sum of squares of residuals : 0.0546239
rel. change during last iteration : -8.20701e-10

degrees of freedom    (FIT_NDF)                        : 297
rms of residuals      (FIT_STDFIT) = sqrt(WSSR/ndf)    : 0.0135617
variance of residuals (reduced chisquare) = WSSR/ndf   : 0.000183919

Final set of parameters            Asymptotic Standard Error
=======================            ==========================
a               = 2.2519e-08       +/- 7.628e-11    (0.3387%)
